<?xml version="1.0" encoding="UTF-8"?>
<!-- Generated by org.testng.reporters.JUnitReportReporter -->
<testsuite hostname="BLR1-LHP-N73414" failures="0" tests="2" name="day8.NewTest" time="0.006" errors="0" timestamp="2023-11-02T13:44:29 IST" skipped="0">
  <testcase classname="day8.NewTest" name="a" time="0.005"/>
  <system-out/>
  <testcase classname="day8.NewTest" name="b" time="0.001"/>
  <system-out/>
</testsuite> <!-- day8.NewTest -->
