<?xml version="1.0" encoding="UTF-8"?>
<!-- Generated by org.testng.reporters.JUnitReportReporter -->
<testsuite hostname="BLR1-LHP-N73414" failures="0" tests="3" name="day9.Grouping" time="0.014" errors="0" timestamp="2023-10-05T11:07:12 IST" skipped="0">
  <testcase classname="day9.Grouping" name="signupByFacebook" time="0.010"/>
  <system-out/>
  <testcase classname="day9.Grouping" name="signupByTwitter" time="0.002"/>
  <system-out/>
  <testcase classname="day9.Grouping" name="paymentinBank" time="0.002"/>
  <system-out/>
</testsuite> <!-- day9.Grouping -->
