<?xml version="1.0" encoding="UTF-8"?>
<!-- Generated by org.testng.reporters.JUnitReportReporter -->
<testsuite hostname="BLR1-LHP-N73414" failures="0" tests="3" name="day11.LoginTest" time="7.442" errors="0" timestamp="2023-10-08T10:40:58 IST" skipped="0">
  <testcase classname="day11.LoginTest" name="testLogo" time="0.103"/>
  <system-out/>
  <testcase classname="day11.LoginTest" name="testLogin" time="5.236"/>
  <system-out/>
  <testcase classname="day11.LoginTest" name="testLogout" time="2.103"/>
  <system-out/>
</testsuite> <!-- day11.LoginTest -->
