<?xml version="1.0" encoding="UTF-8"?>
<!-- Generated by org.testng.reporters.JUnitReportReporter -->
<testsuite hostname="BLR1-LHP-N73414" failures="0" tests="1" name="day8.MyFirstTest" time="0.012" errors="0" timestamp="2024-02-02T16:33:43 IST" skipped="0">
  <testcase classname="day8.MyFirstTest" name="testDriver" time="0.012"/>
  <system-out/>
</testsuite> <!-- day8.MyFirstTest -->
