<?xml version="1.0" encoding="UTF-8"?>
<!-- Generated by org.testng.reporters.JUnitReportReporter -->
<testsuite hostname="BLR1-LHP-N73414" failures="0" tests="4" name="day9.DataProviderUsingExcel" time="19.141" errors="0" timestamp="2023-10-06T01:15:06 IST" skipped="0">
  <testcase classname="day9.DataProviderUsingExcel" name="loginTest" time="1.336"/>
  <system-out/>
  <testcase classname="day9.DataProviderUsingExcel" name="loginTest" time="1.415"/>
  <system-out/>
  <testcase classname="day9.DataProviderUsingExcel" name="loginTest" time="9.626"/>
  <system-out/>
  <testcase classname="day9.DataProviderUsingExcel" name="loginTest" time="6.764"/>
  <system-out/>
</testsuite> <!-- day9.DataProviderUsingExcel -->
