<?xml version="1.0" encoding="UTF-8"?>
<!-- Generated by org.testng.reporters.JUnitReportReporter -->
<testsuite hostname="BLR1-LHP-N73414" failures="0" tests="1" name="day8.MySecondTest" time="0.833" errors="0" timestamp="2023-10-04T22:11:27 IST" skipped="0">
  <testcase classname="day8.MySecondTest" name="login" time="0.833"/>
  <system-out/>
</testsuite> <!-- day8.MySecondTest -->
