<?xml version="1.0" encoding="UTF-8"?>
<!-- Generated by org.testng.reporters.JUnitReportReporter -->
<testsuite hostname="BLR1-LHP-N73414" failures="0" tests="3" name="day9.Parameterzation" time="7.046" errors="0" timestamp="2023-10-06T16:45:10 IST" skipped="0">
  <testcase classname="day9.Parameterzation" name="logingTest" time="0.817"/>
  <system-out/>
  <testcase classname="day9.Parameterzation" name="titleTest" time="5.597"/>
  <system-out/>
  <testcase classname="day9.Parameterzation" name="logout" time="0.632"/>
  <system-out/>
</testsuite> <!-- day9.Parameterzation -->
