<?xml version="1.0" encoding="UTF-8"?>
<!-- Generated by org.testng.reporters.JUnitReportReporter -->
<testsuite hostname="BLR1-LHP-N73414" failures="0" tests="3" name="day8.AnnotationDemo" time="0.012" errors="0" timestamp="2024-02-02T16:14:12 IST" skipped="0">
  <testcase classname="day8.AnnotationDemo" name="addTocartTest" time="0.008"/>
  <system-out/>
  <testcase classname="day8.AnnotationDemo" name="homeSearch" time="0.002"/>
  <system-out/>
  <testcase classname="day8.AnnotationDemo" name="searchMenu" time="0.002"/>
  <system-out/>
</testsuite> <!-- day8.AnnotationDemo -->
